[debug] [2026-01-11T16:41:38.208Z] ----------------------------------------------------------------------
[debug] [2026-01-11T16:41:38.210Z] Command:       /usr/bin/node /home/skeler/.npm/_npx/ba4f1959e38407b5/node_modules/.bin/firebase init dataconnect --project scanly-mobile-app
[debug] [2026-01-11T16:41:38.210Z] CLI Version:   15.2.1
[debug] [2026-01-11T16:41:38.210Z] Platform:      linux
[debug] [2026-01-11T16:41:38.210Z] Node Version:  v20.19.2
[debug] [2026-01-11T16:41:38.210Z] Time:          Sun Jan 11 2026 17:41:38 GMT+0100 (GMT+01:00)
[debug] [2026-01-11T16:41:38.210Z] ----------------------------------------------------------------------
[debug] 
[info] 
     ######## #### ########  ######## ########     ###     ######  ########
     ##        ##  ##     ## ##       ##     ##  ##   ##  ##       ##
     ######    ##  ########  ######   ########  #########  ######  ######
     ##        ##  ##    ##  ##       ##     ## ##     ##       ## ##
     ##       #### ##     ## ######## ########  ##     ##  ######  ########

You're about to initialize a Firebase project in this directory:

  /home/skeler/StudioProjects/Scanly

[info] 
=== Project Setup
[info] 
[info] First, let's associate this project directory with a Firebase project.
[info] You can create multiple project aliases by running firebase use --add, 
[info] 
[debug] [2026-01-11T16:41:38.953Z] > command requires scopes: ["email","openid","https://www.googleapis.com/auth/cloudplatformprojects.readonly","https://www.googleapis.com/auth/firebase","https://www.googleapis.com/auth/cloud-platform"]
[debug] [2026-01-11T16:41:38.954Z] > authorizing via signed-in user (salahdinefahimi@gmail.com)
[debug] [2026-01-11T16:41:38.954Z] Checked if tokens are valid: true, expires at: 1768153271125
[debug] [2026-01-11T16:41:38.955Z] Checked if tokens are valid: true, expires at: 1768153271125
[debug] [2026-01-11T16:41:38.956Z] >>> [apiv2][query] GET https://firebase.googleapis.com/v1beta1/projects/scanly-mobile-app [none]
[debug] [2026-01-11T16:41:44.346Z] <<< [apiv2][status] GET https://firebase.googleapis.com/v1beta1/projects/scanly-mobile-app 200
[debug] [2026-01-11T16:41:44.347Z] <<< [apiv2][body] GET https://firebase.googleapis.com/v1beta1/projects/scanly-mobile-app {"projectId":"scanly-mobile-app","projectNumber":"918880169438","displayName":"Scanly","name":"projects/scanly-mobile-app","resources":{"hostingSite":"scanly-mobile-app"},"state":"ACTIVE","etag":"1_209df10a-afbc-40e3-8b04-1329cae3aa9b"}
[info] i  Using project scanly-mobile-app (Scanly) . 
[info] 
=== Dataconnect Setup
[info] i  dataconnect: ensuring required API firebasedataconnect.googleapis.com is enabled... 
[debug] [2026-01-11T16:41:44.353Z] Checked if tokens are valid: true, expires at: 1768153271125
[debug] [2026-01-11T16:41:44.353Z] Checked if tokens are valid: true, expires at: 1768153271125
[info] i  dataconnect: ensuring required API sqladmin.googleapis.com is enabled... 
[debug] [2026-01-11T16:41:44.354Z] Checked if tokens are valid: true, expires at: 1768153271125
[debug] [2026-01-11T16:41:44.354Z] Checked if tokens are valid: true, expires at: 1768153271125
[debug] [2026-01-11T16:41:44.354Z] >>> [apiv2][query] GET https://serviceusage.googleapis.com/v1/projects/scanly-mobile-app/services/firebasedataconnect.googleapis.com [none]
[debug] [2026-01-11T16:41:44.354Z] >>> [apiv2][(partial)header] GET https://serviceusage.googleapis.com/v1/projects/scanly-mobile-app/services/firebasedataconnect.googleapis.com x-goog-quota-user=projects/scanly-mobile-app
[debug] [2026-01-11T16:41:44.355Z] >>> [apiv2][query] GET https://serviceusage.googleapis.com/v1/projects/scanly-mobile-app/services/sqladmin.googleapis.com [none]
[debug] [2026-01-11T16:41:44.355Z] >>> [apiv2][(partial)header] GET https://serviceusage.googleapis.com/v1/projects/scanly-mobile-app/services/sqladmin.googleapis.com x-goog-quota-user=projects/scanly-mobile-app
[debug] [2026-01-11T16:41:46.803Z] <<< [apiv2][status] GET https://serviceusage.googleapis.com/v1/projects/scanly-mobile-app/services/sqladmin.googleapis.com 200
[debug] [2026-01-11T16:41:46.803Z] <<< [apiv2][body] GET https://serviceusage.googleapis.com/v1/projects/scanly-mobile-app/services/sqladmin.googleapis.com [omitted]
[warn] ⚠  dataconnect: missing required API sqladmin.googleapis.com. Enabling now... 
[debug] [2026-01-11T16:41:46.803Z] Checked if tokens are valid: true, expires at: 1768153271125
[debug] [2026-01-11T16:41:46.804Z] Checked if tokens are valid: true, expires at: 1768153271125
[debug] [2026-01-11T16:41:46.804Z] >>> [apiv2][query] POST https://serviceusage.googleapis.com/v1/projects/scanly-mobile-app/services/sqladmin.googleapis.com:enable [none]
[debug] [2026-01-11T16:41:46.804Z] >>> [apiv2][(partial)header] POST https://serviceusage.googleapis.com/v1/projects/scanly-mobile-app/services/sqladmin.googleapis.com:enable x-goog-quota-user=projects/scanly-mobile-app
[debug] [2026-01-11T16:41:46.809Z] <<< [apiv2][status] GET https://serviceusage.googleapis.com/v1/projects/scanly-mobile-app/services/firebasedataconnect.googleapis.com 200
[debug] [2026-01-11T16:41:46.809Z] <<< [apiv2][body] GET https://serviceusage.googleapis.com/v1/projects/scanly-mobile-app/services/firebasedataconnect.googleapis.com [omitted]
[warn] ⚠  dataconnect: missing required API firebasedataconnect.googleapis.com. Enabling now... 
[debug] [2026-01-11T16:41:46.809Z] Checked if tokens are valid: true, expires at: 1768153271125
[debug] [2026-01-11T16:41:46.809Z] Checked if tokens are valid: true, expires at: 1768153271125
[debug] [2026-01-11T16:41:46.810Z] >>> [apiv2][query] POST https://serviceusage.googleapis.com/v1/projects/scanly-mobile-app/services/firebasedataconnect.googleapis.com:enable [none]
[debug] [2026-01-11T16:41:46.810Z] >>> [apiv2][(partial)header] POST https://serviceusage.googleapis.com/v1/projects/scanly-mobile-app/services/firebasedataconnect.googleapis.com:enable x-goog-quota-user=projects/scanly-mobile-app
[debug] [2026-01-11T16:41:47.939Z] <<< [apiv2][status] POST https://serviceusage.googleapis.com/v1/projects/scanly-mobile-app/services/firebasedataconnect.googleapis.com:enable 200
[debug] [2026-01-11T16:41:47.939Z] <<< [apiv2][body] POST https://serviceusage.googleapis.com/v1/projects/scanly-mobile-app/services/firebasedataconnect.googleapis.com:enable [omitted]
[debug] [2026-01-11T16:41:47.969Z] <<< [apiv2][status] POST https://serviceusage.googleapis.com/v1/projects/scanly-mobile-app/services/sqladmin.googleapis.com:enable 200
[debug] [2026-01-11T16:41:47.970Z] <<< [apiv2][body] POST https://serviceusage.googleapis.com/v1/projects/scanly-mobile-app/services/sqladmin.googleapis.com:enable [omitted]
[debug] [2026-01-11T16:41:57.975Z] Checked if tokens are valid: true, expires at: 1768153271125
[debug] [2026-01-11T16:41:57.975Z] Checked if tokens are valid: true, expires at: 1768153271125
[debug] [2026-01-11T16:41:57.976Z] >>> [apiv2][query] GET https://firebasedataconnect.googleapis.com/v1/projects/scanly-mobile-app/locations/-/services [none]
[debug] [2026-01-11T16:42:02.120Z] <<< [apiv2][status] GET https://firebasedataconnect.googleapis.com/v1/projects/scanly-mobile-app/locations/-/services 200
[debug] [2026-01-11T16:42:02.120Z] <<< [apiv2][body] GET https://firebasedataconnect.googleapis.com/v1/projects/scanly-mobile-app/locations/-/services {}
[info] i  : ensuring required API cloudaicompanion.googleapis.com is enabled... 
[debug] [2026-01-11T16:56:20.975Z] Checked if tokens are valid: true, expires at: 1768153271125
[debug] [2026-01-11T16:56:20.976Z] Checked if tokens are valid: true, expires at: 1768153271125
[debug] [2026-01-11T16:56:20.977Z] >>> [apiv2][query] GET https://serviceusage.googleapis.com/v1/projects/scanly-mobile-app/services/cloudaicompanion.googleapis.com [none]
[debug] [2026-01-11T16:56:20.977Z] >>> [apiv2][(partial)header] GET https://serviceusage.googleapis.com/v1/projects/scanly-mobile-app/services/cloudaicompanion.googleapis.com x-goog-quota-user=projects/scanly-mobile-app
[debug] [2026-01-11T16:56:28.180Z] <<< [apiv2][status] GET https://serviceusage.googleapis.com/v1/projects/scanly-mobile-app/services/cloudaicompanion.googleapis.com 200
[debug] [2026-01-11T16:56:28.180Z] <<< [apiv2][body] GET https://serviceusage.googleapis.com/v1/projects/scanly-mobile-app/services/cloudaicompanion.googleapis.com [omitted]
[warn] ⚠  : missing required API cloudaicompanion.googleapis.com. Enabling now... 
[debug] [2026-01-11T16:56:28.180Z] Checked if tokens are valid: true, expires at: 1768153271125
[debug] [2026-01-11T16:56:28.181Z] Checked if tokens are valid: true, expires at: 1768153271125
[debug] [2026-01-11T16:56:28.181Z] >>> [apiv2][query] POST https://serviceusage.googleapis.com/v1/projects/scanly-mobile-app/services/cloudaicompanion.googleapis.com:enable [none]
[debug] [2026-01-11T16:56:28.181Z] >>> [apiv2][(partial)header] POST https://serviceusage.googleapis.com/v1/projects/scanly-mobile-app/services/cloudaicompanion.googleapis.com:enable x-goog-quota-user=projects/scanly-mobile-app
[debug] [2026-01-11T16:56:29.264Z] <<< [apiv2][status] POST https://serviceusage.googleapis.com/v1/projects/scanly-mobile-app/services/cloudaicompanion.googleapis.com:enable 200
[debug] [2026-01-11T16:56:29.264Z] <<< [apiv2][body] POST https://serviceusage.googleapis.com/v1/projects/scanly-mobile-app/services/cloudaicompanion.googleapis.com:enable [omitted]
